<?xml version="1.0" encoding="utf-8" standalone="no"?>
<!--This file represents the results of running a test suite-->
<test-results name="C:\home\projects\docopt.net\_build\bin\DocoptNet.Tests\DocoptNet.Tests.dll" total="326" errors="0" failures="0" not-run="0" inconclusive="0" ignored="0" skipped="0" invalid="0" date="2013-07-07" time="13:24:00">
  <environment nunit-version="2.6.2.12296" clr-version="2.0.50727.5466" os-version="Microsoft Windows NT 6.1.7601 Service Pack 1" platform="Win32NT" cwd="C:\home\projects\docopt.net\build" machine-name="DUBLT83" user="dvb" user-domain="RENRE" />
  <culture-info current-culture="en-IE" current-uiculture="en-US" />
  <test-suite type="Assembly" name="C:\home\projects\docopt.net\_build\bin\DocoptNet.Tests\DocoptNet.Tests.dll" executed="True" result="Success" success="True" time="1.314" asserts="0">
    <results>
      <test-suite type="Namespace" name="DocoptNet" executed="True" result="Success" success="True" time="1.291" asserts="0">
        <results>
          <test-suite type="Namespace" name="Tests" executed="True" result="Success" success="True" time="1.290" asserts="0">
            <results>
              <test-suite type="TestFixture" name="AnyOptionsParameterTests" executed="True" result="Success" success="True" time="0.326" asserts="0">
                <results>
                  <test-case name="DocoptNet.Tests.AnyOptionsParameterTests.Error_all_long" executed="True" result="Success" success="True" time="0.296" asserts="1" />
                  <test-case name="DocoptNet.Tests.AnyOptionsParameterTests.Error_all_long_with_arg" executed="True" result="Success" success="True" time="0.004" asserts="1" />
                  <test-case name="DocoptNet.Tests.AnyOptionsParameterTests.Error_long_with_arg" executed="True" result="Success" success="True" time="0.004" asserts="1" />
                  <test-case name="DocoptNet.Tests.AnyOptionsParameterTests.Error_short_acc" executed="True" result="Success" success="True" time="0.001" asserts="1" />
                </results>
              </test-suite>
              <test-suite type="TestFixture" name="ArgumentMatchTests" executed="True" result="Success" success="True" time="0.030" asserts="0">
                <results>
                  <test-case name="DocoptNet.Tests.ArgumentMatchTests.Should_match_arg" executed="True" result="Success" success="True" time="0.023" asserts="1" />
                  <test-case name="DocoptNet.Tests.ArgumentMatchTests.Should_match_arg_after_opts" executed="True" result="Success" success="True" time="0.002" asserts="1" />
                  <test-case name="DocoptNet.Tests.ArgumentMatchTests.Should_match_first_arg_only" executed="True" result="Success" success="True" time="0.001" asserts="1" />
                  <test-case name="DocoptNet.Tests.ArgumentMatchTests.Should_not_match_arg" executed="True" result="Success" success="True" time="0.001" asserts="1" />
                </results>
              </test-suite>
              <test-suite type="TestFixture" name="Assumptions" executed="True" result="Success" success="True" time="0.005" asserts="0">
                <results>
                  <test-case name="DocoptNet.Tests.Assumptions.String_Split_with_no_args_should_split_on_white_space" executed="True" result="Success" success="True" time="0.004" asserts="2" />
                </results>
              </test-suite>
              <test-suite type="TestFixture" name="BasicPatternMatchingTests" executed="True" result="Success" success="True" time="0.008" asserts="0">
                <results>
                  <test-case name="DocoptNet.Tests.BasicPatternMatchingTests.Should_match_required" executed="True" result="Success" success="True" time="0.002" asserts="1" />
                  <test-case name="DocoptNet.Tests.BasicPatternMatchingTests.Should_match_required_and_optional" executed="True" result="Success" success="True" time="0.002" asserts="1" />
                  <test-case name="DocoptNet.Tests.BasicPatternMatchingTests.Should_not_match_spurious_arg" executed="True" result="Success" success="True" time="0.001" asserts="1" />
                </results>
              </test-suite>
              <test-suite type="TestFixture" name="CommandMatchTests" executed="True" result="Success" success="True" time="0.016" asserts="0">
                <results>
                  <test-case name="DocoptNet.Tests.CommandMatchTests.Should_match_command" executed="True" result="Success" success="True" time="0.003" asserts="1" />
                  <test-case name="DocoptNet.Tests.CommandMatchTests.Should_match_command_after_options" executed="True" result="Success" success="True" time="0.001" asserts="1" />
                  <test-case name="DocoptNet.Tests.CommandMatchTests.Should_match_either_command" executed="True" result="Success" success="True" time="0.008" asserts="1" />
                  <test-case name="DocoptNet.Tests.CommandMatchTests.Should_not_match_command" executed="True" result="Success" success="True" time="0.001" asserts="1" />
                </results>
              </test-suite>
              <test-suite type="TestFixture" name="CommandsTests" executed="True" result="Success" success="True" time="0.024" asserts="0">
                <results>
                  <test-case name="DocoptNet.Tests.CommandsTests.Optional_either_first_specified" executed="True" result="Success" success="True" time="0.013" asserts="1" />
                  <test-case name="DocoptNet.Tests.CommandsTests.Optional_either_second_specified" executed="True" result="Success" success="True" time="0.001" asserts="1" />
                  <test-case name="DocoptNet.Tests.CommandsTests.Optional_no_args" executed="True" result="Success" success="True" time="0.001" asserts="1" />
                  <test-case name="DocoptNet.Tests.CommandsTests.Optional_one_arg" executed="True" result="Success" success="True" time="0.001" asserts="1" />
                  <test-case name="DocoptNet.Tests.CommandsTests.Required" executed="True" result="Success" success="True" time="0.001" asserts="1" />
                  <test-case name="DocoptNet.Tests.CommandsTests.Required_both_specified" executed="True" result="Success" success="True" time="0.001" asserts="1" />
                  <test-case name="DocoptNet.Tests.CommandsTests.Required_wrong_order" executed="True" result="Success" success="True" time="0.001" asserts="1" />
                </results>
              </test-suite>
              <test-suite type="TestFixture" name="CountMultipleFlagsTests" executed="True" result="Success" success="True" time="0.019" asserts="0">
                <results>
                  <test-case name="DocoptNet.Tests.CountMultipleFlagsTests.Flag_0" executed="True" result="Success" success="True" time="0.001" asserts="1" />
                  <test-case name="DocoptNet.Tests.CountMultipleFlagsTests.Flag_1" executed="True" result="Success" success="True" time="0.001" asserts="1" />
                  <test-case name="DocoptNet.Tests.CountMultipleFlagsTests.Flag_2" executed="True" result="Success" success="True" time="0.003" asserts="1" />
                  <test-case name="DocoptNet.Tests.CountMultipleFlagsTests.Flag_3" executed="True" result="Success" success="True" time="0.001" asserts="1" />
                  <test-case name="DocoptNet.Tests.CountMultipleFlagsTests.Flag_long_2" executed="True" result="Success" success="True" time="0.001" asserts="1" />
                  <test-case name="DocoptNet.Tests.CountMultipleFlagsTests.Flag_one_or_more" executed="True" result="Success" success="True" time="0.003" asserts="1" />
                  <test-case name="DocoptNet.Tests.CountMultipleFlagsTests.Flag_too_many" executed="True" result="Success" success="True" time="0.001" asserts="1" />
                  <test-case name="DocoptNet.Tests.CountMultipleFlagsTests.Simple_flag" executed="True" result="Success" success="True" time="0.003" asserts="1" />
                </results>
              </test-suite>
              <test-suite type="TestFixture" name="DefaultValueForPositionalArgumentsTests" executed="True" result="Success" success="True" time="0.007" asserts="0">
                <results>
                  <test-case name="DocoptNet.Tests.DefaultValueForPositionalArgumentsTests.Expect_empty_collection" executed="True" result="Success" success="True" time="0.003" asserts="1" />
                  <test-case name="DocoptNet.Tests.DefaultValueForPositionalArgumentsTests.Expect_none" executed="True" result="Success" success="True" time="0.001" asserts="1" />
                  <test-case name="DocoptNet.Tests.DefaultValueForPositionalArgumentsTests.Expect_one_arg" executed="True" result="Success" success="True" time="0.001" asserts="1" />
                </results>
              </test-suite>
              <test-suite type="TestFixture" name="DocoptTests" executed="True" result="Success" success="True" time="0.049" asserts="0">
                <results>
                  <test-case name="DocoptNet.Tests.DocoptTests.Display_help" executed="True" result="Success" success="True" time="0.007" asserts="1" />
                  <test-case name="DocoptNet.Tests.DocoptTests.Match_arg_only" executed="True" result="Success" success="True" time="0.001" asserts="1" />
                  <test-case name="DocoptNet.Tests.DocoptTests.Match_one_opt_only" executed="True" result="Success" success="True" time="0.001" asserts="1" />
                  <test-case name="DocoptNet.Tests.DocoptTests.Match_one_opt_with_arg" executed="True" result="Success" success="True" time="0.001" asserts="1" />
                  <test-case name="DocoptNet.Tests.DocoptTests.Match_opt_and_arg" executed="True" result="Success" success="True" time="0.001" asserts="1" />
                  <test-case name="DocoptNet.Tests.DocoptTests.No_match" executed="True" result="Success" success="True" time="0.001" asserts="1" />
                  <test-case name="DocoptNet.Tests.DocoptTests.Non_existent_long" executed="True" result="Success" success="True" time="0.001" asserts="1" />
                  <test-case name="DocoptNet.Tests.DocoptTests.Test_issue_40_help" executed="True" result="Success" success="True" time="0.001" asserts="1" />
                  <test-case name="DocoptNet.Tests.DocoptTests.Test_issue_40_same_prefix" executed="True" result="Success" success="True" time="0.001" asserts="1" />
                  <test-case name="DocoptNet.Tests.DocoptTests.Test_issue_59_assign_empty_string_to_long" executed="True" result="Success" success="True" time="0.001" asserts="1" />
                  <test-case name="DocoptNet.Tests.DocoptTests.Test_issue_59_assign_empty_string_to_short" executed="True" result="Success" success="True" time="0.007" asserts="1" />
                  <test-case name="DocoptNet.Tests.DocoptTests.Test_issue_68_options_shortcut_does_not_include_options_in_usage_pattern" executed="True" result="Success" success="True" time="0.003" asserts="4" />
                  <test-case name="DocoptNet.Tests.DocoptTests.Test_set" executed="True" result="Success" success="True" time="0.010" asserts="2" />
                  <test-case name="DocoptNet.Tests.DocoptTests.Test_tokens_from_pattern" executed="True" result="Success" success="True" time="0.001" asserts="5" />
                </results>
              </test-suite>
              <test-suite type="TestFixture" name="EitherMatchTests" executed="True" result="Success" success="True" time="0.009" asserts="0">
                <results>
                  <test-case name="DocoptNet.Tests.EitherMatchTests.Should_match_first_option" executed="True" result="Success" success="True" time="0.001" asserts="1" />
                  <test-case name="DocoptNet.Tests.EitherMatchTests.Should_match_one_option_out_of_three" executed="True" result="Success" success="True" time="0.002" asserts="1" />
                  <test-case name="DocoptNet.Tests.EitherMatchTests.Should_match_option" executed="True" result="Success" success="True" time="0.000" asserts="1" />
                  <test-case name="DocoptNet.Tests.EitherMatchTests.Should_match_required_args" executed="True" result="Success" success="True" time="0.001" asserts="1" />
                  <test-case name="DocoptNet.Tests.EitherMatchTests.Should_not_match_other_option" executed="True" result="Success" success="True" time="0.001" asserts="1" />
                </results>
              </test-suite>
              <test-suite type="TestFixture" name="LanguageAgnosticTests" executed="True" result="Success" success="True" time="0.579" asserts="0">
                <results>
                  <test-case name="DocoptNet.Tests.LanguageAgnosticTests.Test_1" executed="True" result="Success" success="True" time="0.279" asserts="1" />
                  <test-case name="DocoptNet.Tests.LanguageAgnosticTests.Test_10" executed="True" result="Success" success="True" time="0.034" asserts="1" />
                  <test-case name="DocoptNet.Tests.LanguageAgnosticTests.Test_100" executed="True" result="Success" success="True" time="0.004" asserts="1" />
                  <test-case name="DocoptNet.Tests.LanguageAgnosticTests.Test_101" executed="True" result="Success" success="True" time="0.037" asserts="1" />
                  <test-case name="DocoptNet.Tests.LanguageAgnosticTests.Test_102" executed="True" result="Success" success="True" time="0.007" asserts="1" />
                  <test-case name="DocoptNet.Tests.LanguageAgnosticTests.Test_103" executed="True" result="Success" success="True" time="0.001" asserts="1" />
                  <test-case name="DocoptNet.Tests.LanguageAgnosticTests.Test_104" executed="True" result="Success" success="True" time="0.004" asserts="1" />
                  <test-case name="DocoptNet.Tests.LanguageAgnosticTests.Test_105" executed="True" result="Success" success="True" time="0.001" asserts="1" />
                  <test-case name="DocoptNet.Tests.LanguageAgnosticTests.Test_106" executed="True" result="Success" success="True" time="0.001" asserts="1" />
                  <test-case name="DocoptNet.Tests.LanguageAgnosticTests.Test_107" executed="True" result="Success" success="True" time="0.000" asserts="1" />
                  <test-case name="DocoptNet.Tests.LanguageAgnosticTests.Test_108" executed="True" result="Success" success="True" time="0.001" asserts="1" />
                  <test-case name="DocoptNet.Tests.LanguageAgnosticTests.Test_109" executed="True" result="Success" success="True" time="0.001" asserts="1" />
                  <test-case name="DocoptNet.Tests.LanguageAgnosticTests.Test_11" executed="True" result="Success" success="True" time="0.001" asserts="1" />
                  <test-case name="DocoptNet.Tests.LanguageAgnosticTests.Test_110" executed="True" result="Success" success="True" time="0.000" asserts="1" />
                  <test-case name="DocoptNet.Tests.LanguageAgnosticTests.Test_111" executed="True" result="Success" success="True" time="0.000" asserts="1" />
                  <test-case name="DocoptNet.Tests.LanguageAgnosticTests.Test_112" executed="True" result="Success" success="True" time="0.000" asserts="1" />
                  <test-case name="DocoptNet.Tests.LanguageAgnosticTests.Test_113" executed="True" result="Success" success="True" time="0.001" asserts="1" />
                  <test-case name="DocoptNet.Tests.LanguageAgnosticTests.Test_114" executed="True" result="Success" success="True" time="0.008" asserts="1" />
                  <test-case name="DocoptNet.Tests.LanguageAgnosticTests.Test_115" executed="True" result="Success" success="True" time="0.001" asserts="1" />
                  <test-case name="DocoptNet.Tests.LanguageAgnosticTests.Test_116" executed="True" result="Success" success="True" time="0.000" asserts="1" />
                  <test-case name="DocoptNet.Tests.LanguageAgnosticTests.Test_117" executed="True" result="Success" success="True" time="0.000" asserts="1" />
                  <test-case name="DocoptNet.Tests.LanguageAgnosticTests.Test_118" executed="True" result="Success" success="True" time="0.000" asserts="1" />
                  <test-case name="DocoptNet.Tests.LanguageAgnosticTests.Test_119" executed="True" result="Success" success="True" time="0.001" asserts="1" />
                  <test-case name="DocoptNet.Tests.LanguageAgnosticTests.Test_12" executed="True" result="Success" success="True" time="0.001" asserts="1" />
                  <test-case name="DocoptNet.Tests.LanguageAgnosticTests.Test_120" executed="True" result="Success" success="True" time="0.001" asserts="1" />
                  <test-case name="DocoptNet.Tests.LanguageAgnosticTests.Test_121" executed="True" result="Success" success="True" time="0.001" asserts="1" />
                  <test-case name="DocoptNet.Tests.LanguageAgnosticTests.Test_122" executed="True" result="Success" success="True" time="0.000" asserts="1" />
                  <test-case name="DocoptNet.Tests.LanguageAgnosticTests.Test_123" executed="True" result="Success" success="True" time="0.001" asserts="1" />
                  <test-case name="DocoptNet.Tests.LanguageAgnosticTests.Test_124" executed="True" result="Success" success="True" time="0.001" asserts="1" />
                  <test-case name="DocoptNet.Tests.LanguageAgnosticTests.Test_125" executed="True" result="Success" success="True" time="0.000" asserts="1" />
                  <test-case name="DocoptNet.Tests.LanguageAgnosticTests.Test_126" executed="True" result="Success" success="True" time="0.001" asserts="1" />
                  <test-case name="DocoptNet.Tests.LanguageAgnosticTests.Test_127" executed="True" result="Success" success="True" time="0.001" asserts="1" />
                  <test-case name="DocoptNet.Tests.LanguageAgnosticTests.Test_128" executed="True" result="Success" success="True" time="0.001" asserts="1" />
                  <test-case name="DocoptNet.Tests.LanguageAgnosticTests.Test_129" executed="True" result="Success" success="True" time="0.001" asserts="1" />
                  <test-case name="DocoptNet.Tests.LanguageAgnosticTests.Test_13" executed="True" result="Success" success="True" time="0.001" asserts="1" />
                  <test-case name="DocoptNet.Tests.LanguageAgnosticTests.Test_130" executed="True" result="Success" success="True" time="0.000" asserts="1" />
                  <test-case name="DocoptNet.Tests.LanguageAgnosticTests.Test_131" executed="True" result="Success" success="True" time="0.000" asserts="1" />
                  <test-case name="DocoptNet.Tests.LanguageAgnosticTests.Test_132" executed="True" result="Success" success="True" time="0.001" asserts="1" />
                  <test-case name="DocoptNet.Tests.LanguageAgnosticTests.Test_133" executed="True" result="Success" success="True" time="0.001" asserts="1" />
                  <test-case name="DocoptNet.Tests.LanguageAgnosticTests.Test_134" executed="True" result="Success" success="True" time="0.001" asserts="1" />
                  <test-case name="DocoptNet.Tests.LanguageAgnosticTests.Test_135" executed="True" result="Success" success="True" time="0.000" asserts="1" />
                  <test-case name="DocoptNet.Tests.LanguageAgnosticTests.Test_136" executed="True" result="Success" success="True" time="0.000" asserts="1" />
                  <test-case name="DocoptNet.Tests.LanguageAgnosticTests.Test_137" executed="True" result="Success" success="True" time="0.000" asserts="1" />
                  <test-case name="DocoptNet.Tests.LanguageAgnosticTests.Test_138" executed="True" result="Success" success="True" time="0.001" asserts="1" />
                  <test-case name="DocoptNet.Tests.LanguageAgnosticTests.Test_139" executed="True" result="Success" success="True" time="0.001" asserts="1" />
                  <test-case name="DocoptNet.Tests.LanguageAgnosticTests.Test_14" executed="True" result="Success" success="True" time="0.001" asserts="1" />
                  <test-case name="DocoptNet.Tests.LanguageAgnosticTests.Test_140" executed="True" result="Success" success="True" time="0.001" asserts="1" />
                  <test-case name="DocoptNet.Tests.LanguageAgnosticTests.Test_141" executed="True" result="Success" success="True" time="0.000" asserts="1" />
                  <test-case name="DocoptNet.Tests.LanguageAgnosticTests.Test_142" executed="True" result="Success" success="True" time="0.001" asserts="1" />
                  <test-case name="DocoptNet.Tests.LanguageAgnosticTests.Test_143" executed="True" result="Success" success="True" time="0.001" asserts="1" />
                  <test-case name="DocoptNet.Tests.LanguageAgnosticTests.Test_144" executed="True" result="Success" success="True" time="0.000" asserts="1" />
                  <test-case name="DocoptNet.Tests.LanguageAgnosticTests.Test_145" executed="True" result="Success" success="True" time="0.001" asserts="1" />
                  <test-case name="DocoptNet.Tests.LanguageAgnosticTests.Test_146" executed="True" result="Success" success="True" time="0.001" asserts="1" />
                  <test-case name="DocoptNet.Tests.LanguageAgnosticTests.Test_147" executed="True" result="Success" success="True" time="0.000" asserts="1" />
                  <test-case name="DocoptNet.Tests.LanguageAgnosticTests.Test_148" executed="True" result="Success" success="True" time="0.000" asserts="1" />
                  <test-case name="DocoptNet.Tests.LanguageAgnosticTests.Test_149" executed="True" result="Success" success="True" time="0.001" asserts="1" />
                  <test-case name="DocoptNet.Tests.LanguageAgnosticTests.Test_15" executed="True" result="Success" success="True" time="0.001" asserts="1" />
                  <test-case name="DocoptNet.Tests.LanguageAgnosticTests.Test_150" executed="True" result="Success" success="True" time="0.001" asserts="1" />
                  <test-case name="DocoptNet.Tests.LanguageAgnosticTests.Test_151" executed="True" result="Success" success="True" time="0.000" asserts="1" />
                  <test-case name="DocoptNet.Tests.LanguageAgnosticTests.Test_152" executed="True" result="Success" success="True" time="0.000" asserts="1" />
                  <test-case name="DocoptNet.Tests.LanguageAgnosticTests.Test_153" executed="True" result="Success" success="True" time="0.000" asserts="1" />
                  <test-case name="DocoptNet.Tests.LanguageAgnosticTests.Test_154" executed="True" result="Success" success="True" time="0.000" asserts="1" />
                  <test-case name="DocoptNet.Tests.LanguageAgnosticTests.Test_155" executed="True" result="Success" success="True" time="0.001" asserts="1" />
                  <test-case name="DocoptNet.Tests.LanguageAgnosticTests.Test_156" executed="True" result="Success" success="True" time="0.000" asserts="1" />
                  <test-case name="DocoptNet.Tests.LanguageAgnosticTests.Test_157" executed="True" result="Success" success="True" time="0.001" asserts="1" />
                  <test-case name="DocoptNet.Tests.LanguageAgnosticTests.Test_158" executed="True" result="Success" success="True" time="0.000" asserts="1" />
                  <test-case name="DocoptNet.Tests.LanguageAgnosticTests.Test_159" executed="True" result="Success" success="True" time="0.000" asserts="1" />
                  <test-case name="DocoptNet.Tests.LanguageAgnosticTests.Test_16" executed="True" result="Success" success="True" time="0.000" asserts="1" />
                  <test-case name="DocoptNet.Tests.LanguageAgnosticTests.Test_160" executed="True" result="Success" success="True" time="0.000" asserts="1" />
                  <test-case name="DocoptNet.Tests.LanguageAgnosticTests.Test_161" executed="True" result="Success" success="True" time="0.001" asserts="1" />
                  <test-case name="DocoptNet.Tests.LanguageAgnosticTests.Test_162" executed="True" result="Success" success="True" time="0.001" asserts="1" />
                  <test-case name="DocoptNet.Tests.LanguageAgnosticTests.Test_163" executed="True" result="Success" success="True" time="0.002" asserts="1" />
                  <test-case name="DocoptNet.Tests.LanguageAgnosticTests.Test_164" executed="True" result="Success" success="True" time="0.001" asserts="1" />
                  <test-case name="DocoptNet.Tests.LanguageAgnosticTests.Test_165" executed="True" result="Success" success="True" time="0.001" asserts="1" />
                  <test-case name="DocoptNet.Tests.LanguageAgnosticTests.Test_166" executed="True" result="Success" success="True" time="0.001" asserts="1" />
                  <test-case name="DocoptNet.Tests.LanguageAgnosticTests.Test_167" executed="True" result="Success" success="True" time="0.000" asserts="1" />
                  <test-case name="DocoptNet.Tests.LanguageAgnosticTests.Test_168" executed="True" result="Success" success="True" time="0.000" asserts="1" />
                  <test-case name="DocoptNet.Tests.LanguageAgnosticTests.Test_169" executed="True" result="Success" success="True" time="0.000" asserts="1" />
                  <test-case name="DocoptNet.Tests.LanguageAgnosticTests.Test_17" executed="True" result="Success" success="True" time="0.001" asserts="1" />
                  <test-case name="DocoptNet.Tests.LanguageAgnosticTests.Test_170" executed="True" result="Success" success="True" time="0.001" asserts="1" />
                  <test-case name="DocoptNet.Tests.LanguageAgnosticTests.Test_171" executed="True" result="Success" success="True" time="0.001" asserts="1" />
                  <test-case name="DocoptNet.Tests.LanguageAgnosticTests.Test_172" executed="True" result="Success" success="True" time="0.001" asserts="1" />
                  <test-case name="DocoptNet.Tests.LanguageAgnosticTests.Test_173" executed="True" result="Success" success="True" time="0.001" asserts="1" />
                  <test-case name="DocoptNet.Tests.LanguageAgnosticTests.Test_174" executed="True" result="Success" success="True" time="0.001" asserts="1" />
                  <test-case name="DocoptNet.Tests.LanguageAgnosticTests.Test_175" executed="True" result="Success" success="True" time="0.001" asserts="1" />
                  <test-case name="DocoptNet.Tests.LanguageAgnosticTests.Test_18" executed="True" result="Success" success="True" time="0.000" asserts="1" />
                  <test-case name="DocoptNet.Tests.LanguageAgnosticTests.Test_19" executed="True" result="Success" success="True" time="0.000" asserts="1" />
                  <test-case name="DocoptNet.Tests.LanguageAgnosticTests.Test_2" executed="True" result="Success" success="True" time="0.000" asserts="1" />
                  <test-case name="DocoptNet.Tests.LanguageAgnosticTests.Test_20" executed="True" result="Success" success="True" time="0.001" asserts="1" />
                  <test-case name="DocoptNet.Tests.LanguageAgnosticTests.Test_21" executed="True" result="Success" success="True" time="0.001" asserts="1" />
                  <test-case name="DocoptNet.Tests.LanguageAgnosticTests.Test_22" executed="True" result="Success" success="True" time="0.000" asserts="1" />
                  <test-case name="DocoptNet.Tests.LanguageAgnosticTests.Test_23" executed="True" result="Success" success="True" time="0.001" asserts="1" />
                  <test-case name="DocoptNet.Tests.LanguageAgnosticTests.Test_24" executed="True" result="Success" success="True" time="0.001" asserts="1" />
                  <test-case name="DocoptNet.Tests.LanguageAgnosticTests.Test_25" executed="True" result="Success" success="True" time="0.001" asserts="1" />
                  <test-case name="DocoptNet.Tests.LanguageAgnosticTests.Test_26" executed="True" result="Success" success="True" time="0.000" asserts="1" />
                  <test-case name="DocoptNet.Tests.LanguageAgnosticTests.Test_27" executed="True" result="Success" success="True" time="0.000" asserts="1" />
                  <test-case name="DocoptNet.Tests.LanguageAgnosticTests.Test_28" executed="True" result="Success" success="True" time="0.001" asserts="1" />
                  <test-case name="DocoptNet.Tests.LanguageAgnosticTests.Test_29" executed="True" result="Success" success="True" time="0.001" asserts="1" />
                  <test-case name="DocoptNet.Tests.LanguageAgnosticTests.Test_3" executed="True" result="Success" success="True" time="0.001" asserts="1" />
                  <test-case name="DocoptNet.Tests.LanguageAgnosticTests.Test_30" executed="True" result="Success" success="True" time="0.001" asserts="1" />
                  <test-case name="DocoptNet.Tests.LanguageAgnosticTests.Test_31" executed="True" result="Success" success="True" time="0.001" asserts="1" />
                  <test-case name="DocoptNet.Tests.LanguageAgnosticTests.Test_32" executed="True" result="Success" success="True" time="0.001" asserts="1" />
                  <test-case name="DocoptNet.Tests.LanguageAgnosticTests.Test_33" executed="True" result="Success" success="True" time="0.001" asserts="1" />
                  <test-case name="DocoptNet.Tests.LanguageAgnosticTests.Test_34" executed="True" result="Success" success="True" time="0.000" asserts="1" />
                  <test-case name="DocoptNet.Tests.LanguageAgnosticTests.Test_35" executed="True" result="Success" success="True" time="0.000" asserts="1" />
                  <test-case name="DocoptNet.Tests.LanguageAgnosticTests.Test_36" executed="True" result="Success" success="True" time="0.000" asserts="1" />
                  <test-case name="DocoptNet.Tests.LanguageAgnosticTests.Test_37" executed="True" result="Success" success="True" time="0.001" asserts="1" />
                  <test-case name="DocoptNet.Tests.LanguageAgnosticTests.Test_38" executed="True" result="Success" success="True" time="0.001" asserts="1" />
                  <test-case name="DocoptNet.Tests.LanguageAgnosticTests.Test_39" executed="True" result="Success" success="True" time="0.001" asserts="1" />
                  <test-case name="DocoptNet.Tests.LanguageAgnosticTests.Test_4" executed="True" result="Success" success="True" time="0.001" asserts="1" />
                  <test-case name="DocoptNet.Tests.LanguageAgnosticTests.Test_40" executed="True" result="Success" success="True" time="0.001" asserts="1" />
                  <test-case name="DocoptNet.Tests.LanguageAgnosticTests.Test_41" executed="True" result="Success" success="True" time="0.001" asserts="1" />
                  <test-case name="DocoptNet.Tests.LanguageAgnosticTests.Test_42" executed="True" result="Success" success="True" time="0.000" asserts="1" />
                  <test-case name="DocoptNet.Tests.LanguageAgnosticTests.Test_43" executed="True" result="Success" success="True" time="0.000" asserts="1" />
                  <test-case name="DocoptNet.Tests.LanguageAgnosticTests.Test_44" executed="True" result="Success" success="True" time="0.000" asserts="1" />
                  <test-case name="DocoptNet.Tests.LanguageAgnosticTests.Test_45" executed="True" result="Success" success="True" time="0.000" asserts="1" />
                  <test-case name="DocoptNet.Tests.LanguageAgnosticTests.Test_46" executed="True" result="Success" success="True" time="0.000" asserts="1" />
                  <test-case name="DocoptNet.Tests.LanguageAgnosticTests.Test_47" executed="True" result="Success" success="True" time="0.001" asserts="1" />
                  <test-case name="DocoptNet.Tests.LanguageAgnosticTests.Test_48" executed="True" result="Success" success="True" time="0.001" asserts="1" />
                  <test-case name="DocoptNet.Tests.LanguageAgnosticTests.Test_49" executed="True" result="Success" success="True" time="0.001" asserts="1" />
                  <test-case name="DocoptNet.Tests.LanguageAgnosticTests.Test_5" executed="True" result="Success" success="True" time="0.001" asserts="1" />
                  <test-case name="DocoptNet.Tests.LanguageAgnosticTests.Test_50" executed="True" result="Success" success="True" time="0.001" asserts="1" />
                  <test-case name="DocoptNet.Tests.LanguageAgnosticTests.Test_51" executed="True" result="Success" success="True" time="0.001" asserts="1" />
                  <test-case name="DocoptNet.Tests.LanguageAgnosticTests.Test_52" executed="True" result="Success" success="True" time="0.001" asserts="1" />
                  <test-case name="DocoptNet.Tests.LanguageAgnosticTests.Test_53" executed="True" result="Success" success="True" time="0.000" asserts="1" />
                  <test-case name="DocoptNet.Tests.LanguageAgnosticTests.Test_54" executed="True" result="Success" success="True" time="0.000" asserts="1" />
                  <test-case name="DocoptNet.Tests.LanguageAgnosticTests.Test_55" executed="True" result="Success" success="True" time="0.000" asserts="1" />
                  <test-case name="DocoptNet.Tests.LanguageAgnosticTests.Test_56" executed="True" result="Success" success="True" time="0.001" asserts="1" />
                  <test-case name="DocoptNet.Tests.LanguageAgnosticTests.Test_57" executed="True" result="Success" success="True" time="0.001" asserts="1" />
                  <test-case name="DocoptNet.Tests.LanguageAgnosticTests.Test_58" executed="True" result="Success" success="True" time="0.001" asserts="1" />
                  <test-case name="DocoptNet.Tests.LanguageAgnosticTests.Test_59" executed="True" result="Success" success="True" time="0.001" asserts="1" />
                  <test-case name="DocoptNet.Tests.LanguageAgnosticTests.Test_6" executed="True" result="Success" success="True" time="0.001" asserts="1" />
                  <test-case name="DocoptNet.Tests.LanguageAgnosticTests.Test_60" executed="True" result="Success" success="True" time="0.001" asserts="1" />
                  <test-case name="DocoptNet.Tests.LanguageAgnosticTests.Test_61" executed="True" result="Success" success="True" time="0.000" asserts="1" />
                  <test-case name="DocoptNet.Tests.LanguageAgnosticTests.Test_62" executed="True" result="Success" success="True" time="0.000" asserts="1" />
                  <test-case name="DocoptNet.Tests.LanguageAgnosticTests.Test_63" executed="True" result="Success" success="True" time="0.000" asserts="1" />
                  <test-case name="DocoptNet.Tests.LanguageAgnosticTests.Test_64" executed="True" result="Success" success="True" time="0.000" asserts="1" />
                  <test-case name="DocoptNet.Tests.LanguageAgnosticTests.Test_65" executed="True" result="Success" success="True" time="0.000" asserts="1" />
                  <test-case name="DocoptNet.Tests.LanguageAgnosticTests.Test_66" executed="True" result="Success" success="True" time="0.000" asserts="1" />
                  <test-case name="DocoptNet.Tests.LanguageAgnosticTests.Test_67" executed="True" result="Success" success="True" time="0.000" asserts="1" />
                  <test-case name="DocoptNet.Tests.LanguageAgnosticTests.Test_68" executed="True" result="Success" success="True" time="0.000" asserts="1" />
                  <test-case name="DocoptNet.Tests.LanguageAgnosticTests.Test_69" executed="True" result="Success" success="True" time="0.000" asserts="1" />
                  <test-case name="DocoptNet.Tests.LanguageAgnosticTests.Test_7" executed="True" result="Success" success="True" time="0.000" asserts="1" />
                  <test-case name="DocoptNet.Tests.LanguageAgnosticTests.Test_70" executed="True" result="Success" success="True" time="0.000" asserts="1" />
                  <test-case name="DocoptNet.Tests.LanguageAgnosticTests.Test_71" executed="True" result="Success" success="True" time="0.001" asserts="1" />
                  <test-case name="DocoptNet.Tests.LanguageAgnosticTests.Test_72" executed="True" result="Success" success="True" time="0.001" asserts="1" />
                  <test-case name="DocoptNet.Tests.LanguageAgnosticTests.Test_73" executed="True" result="Success" success="True" time="0.001" asserts="1" />
                  <test-case name="DocoptNet.Tests.LanguageAgnosticTests.Test_74" executed="True" result="Success" success="True" time="0.001" asserts="1" />
                  <test-case name="DocoptNet.Tests.LanguageAgnosticTests.Test_75" executed="True" result="Success" success="True" time="0.001" asserts="1" />
                  <test-case name="DocoptNet.Tests.LanguageAgnosticTests.Test_76" executed="True" result="Success" success="True" time="0.001" asserts="1" />
                  <test-case name="DocoptNet.Tests.LanguageAgnosticTests.Test_77" executed="True" result="Success" success="True" time="0.001" asserts="1" />
                  <test-case name="DocoptNet.Tests.LanguageAgnosticTests.Test_78" executed="True" result="Success" success="True" time="0.001" asserts="1" />
                  <test-case name="DocoptNet.Tests.LanguageAgnosticTests.Test_79" executed="True" result="Success" success="True" time="0.000" asserts="1" />
                  <test-case name="DocoptNet.Tests.LanguageAgnosticTests.Test_8" executed="True" result="Success" success="True" time="0.000" asserts="1" />
                  <test-case name="DocoptNet.Tests.LanguageAgnosticTests.Test_80" executed="True" result="Success" success="True" time="0.000" asserts="1" />
                  <test-case name="DocoptNet.Tests.LanguageAgnosticTests.Test_81" executed="True" result="Success" success="True" time="0.000" asserts="1" />
                  <test-case name="DocoptNet.Tests.LanguageAgnosticTests.Test_82" executed="True" result="Success" success="True" time="0.000" asserts="1" />
                  <test-case name="DocoptNet.Tests.LanguageAgnosticTests.Test_83" executed="True" result="Success" success="True" time="0.001" asserts="1" />
                  <test-case name="DocoptNet.Tests.LanguageAgnosticTests.Test_84" executed="True" result="Success" success="True" time="0.001" asserts="1" />
                  <test-case name="DocoptNet.Tests.LanguageAgnosticTests.Test_85" executed="True" result="Success" success="True" time="0.001" asserts="1" />
                  <test-case name="DocoptNet.Tests.LanguageAgnosticTests.Test_86" executed="True" result="Success" success="True" time="0.001" asserts="1" />
                  <test-case name="DocoptNet.Tests.LanguageAgnosticTests.Test_87" executed="True" result="Success" success="True" time="0.001" asserts="1" />
                  <test-case name="DocoptNet.Tests.LanguageAgnosticTests.Test_88" executed="True" result="Success" success="True" time="0.001" asserts="1" />
                  <test-case name="DocoptNet.Tests.LanguageAgnosticTests.Test_89" executed="True" result="Success" success="True" time="0.001" asserts="1" />
                  <test-case name="DocoptNet.Tests.LanguageAgnosticTests.Test_9" executed="True" result="Success" success="True" time="0.001" asserts="1" />
                  <test-case name="DocoptNet.Tests.LanguageAgnosticTests.Test_90" executed="True" result="Success" success="True" time="0.000" asserts="1" />
                  <test-case name="DocoptNet.Tests.LanguageAgnosticTests.Test_91" executed="True" result="Success" success="True" time="0.000" asserts="1" />
                  <test-case name="DocoptNet.Tests.LanguageAgnosticTests.Test_92" executed="True" result="Success" success="True" time="0.000" asserts="1" />
                  <test-case name="DocoptNet.Tests.LanguageAgnosticTests.Test_93" executed="True" result="Success" success="True" time="0.000" asserts="1" />
                  <test-case name="DocoptNet.Tests.LanguageAgnosticTests.Test_94" executed="True" result="Success" success="True" time="0.000" asserts="1" />
                  <test-case name="DocoptNet.Tests.LanguageAgnosticTests.Test_95" executed="True" result="Success" success="True" time="0.000" asserts="1" />
                  <test-case name="DocoptNet.Tests.LanguageAgnosticTests.Test_96" executed="True" result="Success" success="True" time="0.001" asserts="1" />
                  <test-case name="DocoptNet.Tests.LanguageAgnosticTests.Test_97" executed="True" result="Success" success="True" time="0.001" asserts="1" />
                  <test-case name="DocoptNet.Tests.LanguageAgnosticTests.Test_98" executed="True" result="Success" success="True" time="0.001" asserts="1" />
                  <test-case name="DocoptNet.Tests.LanguageAgnosticTests.Test_99" executed="True" result="Success" success="True" time="0.001" asserts="1" />
                </results>
              </test-suite>
              <test-suite type="TestFixture" name="ListArgumentMatchTests" executed="True" result="Success" success="True" time="0.009" asserts="0">
                <results>
                  <test-case name="DocoptNet.Tests.ListArgumentMatchTests.Should_match_doubly_required_arg_into_a_list" executed="True" result="Success" success="True" time="0.001" asserts="1" />
                  <test-case name="DocoptNet.Tests.ListArgumentMatchTests.Should_match_oneormore_arg_into_a_list" executed="True" result="Success" success="True" time="0.001" asserts="1" />
                  <test-case name="DocoptNet.Tests.ListArgumentMatchTests.Should_match_required_and_oneormore_arg_into_a_list" executed="True" result="Success" success="True" time="0.002" asserts="1" />
                  <test-case name="DocoptNet.Tests.ListArgumentMatchTests.Should_match_required_two_args_into_a_list" executed="True" result="Success" success="True" time="0.001" asserts="1" />
                </results>
              </test-suite>
              <test-suite type="TestFixture" name="LongOptionsErrorHandlingTests" executed="True" result="Success" success="True" time="0.007" asserts="0">
                <results>
                  <test-case name="DocoptNet.Tests.LongOptionsErrorHandlingTests.Missing_long_opt_arg" executed="True" result="Success" success="True" time="0.001" asserts="1" />
                  <test-case name="DocoptNet.Tests.LongOptionsErrorHandlingTests.Missing_long_opt_arg_spec" executed="True" result="Success" success="True" time="0.001" asserts="1" />
                  <test-case name="DocoptNet.Tests.LongOptionsErrorHandlingTests.Missing_long_opt_arg_spec2" executed="True" result="Success" success="True" time="0.000" asserts="1" />
                  <test-case name="DocoptNet.Tests.LongOptionsErrorHandlingTests.Non_existent" executed="True" result="Success" success="True" time="0.001" asserts="1" />
                  <test-case name="DocoptNet.Tests.LongOptionsErrorHandlingTests.Unexpected_arg" executed="True" result="Success" success="True" time="0.001" asserts="1" />
                  <test-case name="DocoptNet.Tests.LongOptionsErrorHandlingTests.Wrong_long_opt" executed="True" result="Success" success="True" time="0.001" asserts="1" />
                </results>
              </test-suite>
              <test-suite type="TestFixture" name="OneOrMoreMatchTests" executed="True" result="Success" success="True" time="0.015" asserts="0">
                <results>
                  <test-case name="DocoptNet.Tests.OneOrMoreMatchTests.Should_match_all_args" executed="True" result="Success" success="True" time="0.001" asserts="1" />
                  <test-case name="DocoptNet.Tests.OneOrMoreMatchTests.Should_match_all_opt_and_args" executed="True" result="Success" success="True" time="0.002" asserts="1" />
                  <test-case name="DocoptNet.Tests.OneOrMoreMatchTests.Should_match_arg" executed="True" result="Success" success="True" time="0.001" asserts="1" />
                  <test-case name="DocoptNet.Tests.OneOrMoreMatchTests.Should_match_optional_arg" executed="True" result="Success" success="True" time="0.001" asserts="1" />
                  <test-case name="DocoptNet.Tests.OneOrMoreMatchTests.Should_not_match_empty" executed="True" result="Success" success="True" time="0.000" asserts="1" />
                  <test-case name="DocoptNet.Tests.OneOrMoreMatchTests.Should_not_match_option" executed="True" result="Success" success="True" time="0.001" asserts="1" />
                  <test-case name="DocoptNet.Tests.OneOrMoreMatchTests.Should_not_match_unknown_arg" executed="True" result="Success" success="True" time="0.001" asserts="1" />
                  <test-case name="DocoptNet.Tests.OneOrMoreMatchTests.Should_not_match_unknown_opt" executed="True" result="Success" success="True" time="0.001" asserts="1" />
                  <test-case name="DocoptNet.Tests.OneOrMoreMatchTests.Should_not_match_unknown_opt_and_arg" executed="True" result="Success" success="True" time="0.001" asserts="1" />
                </results>
              </test-suite>
              <test-suite type="TestFixture" name="OptionalMatchTests" executed="True" result="Success" success="True" time="0.012" asserts="0">
                <results>
                  <test-case name="DocoptNet.Tests.OptionalMatchTests.Should_collect_all_except_other" executed="True" result="Success" success="True" time="0.001" asserts="1" />
                  <test-case name="DocoptNet.Tests.OptionalMatchTests.Should_match_empty" executed="True" result="Success" success="True" time="0.000" asserts="1" />
                  <test-case name="DocoptNet.Tests.OptionalMatchTests.Should_match_first_option" executed="True" result="Success" success="True" time="0.001" asserts="1" />
                  <test-case name="DocoptNet.Tests.OptionalMatchTests.Should_match_option" executed="True" result="Success" success="True" time="0.001" asserts="1" />
                  <test-case name="DocoptNet.Tests.OptionalMatchTests.Should_match_optional_arg" executed="True" result="Success" success="True" time="0.001" asserts="1" />
                  <test-case name="DocoptNet.Tests.OptionalMatchTests.Should_not_collect_other_opt" executed="True" result="Success" success="True" time="0.001" asserts="1" />
                  <test-case name="DocoptNet.Tests.OptionalMatchTests.Should_not_collect_other_option_2" executed="True" result="Success" success="True" time="0.001" asserts="1" />
                </results>
              </test-suite>
              <test-suite type="TestFixture" name="OptionMatchTests" executed="True" result="Success" success="True" time="0.007" asserts="0">
                <results>
                  <test-case name="DocoptNet.Tests.OptionMatchTests.Test_option_match_one_opt_out_of_two" executed="True" result="Success" success="True" time="0.002" asserts="1" />
                  <test-case name="DocoptNet.Tests.OptionMatchTests.Test_option_match_opt_matched" executed="True" result="Success" success="True" time="0.001" asserts="1" />
                  <test-case name="DocoptNet.Tests.OptionMatchTests.Test_option_match_opt_no_match" executed="True" result="Success" success="True" time="0.001" asserts="1" />
                  <test-case name="DocoptNet.Tests.OptionMatchTests.Test_option_match_opt_no_match_with_arg" executed="True" result="Success" success="True" time="0.001" asserts="1" />
                  <test-case name="DocoptNet.Tests.OptionMatchTests.Test_option_match_same_opt_one_with_value" executed="True" result="Success" success="True" time="0.001" asserts="1" />
                </results>
              </test-suite>
              <test-suite type="TestFixture" name="OptionNameTests" executed="True" result="Success" success="True" time="0.004" asserts="0">
                <results>
                  <test-case name="DocoptNet.Tests.OptionNameTests.Long_only" executed="True" result="Success" success="True" time="0.000" asserts="1" />
                  <test-case name="DocoptNet.Tests.OptionNameTests.Short_and_long" executed="True" result="Success" success="True" time="0.001" asserts="1" />
                  <test-case name="DocoptNet.Tests.OptionNameTests.Short_only" executed="True" result="Success" success="True" time="0.001" asserts="1" />
                </results>
              </test-suite>
              <test-suite type="TestFixture" name="OptionParseTests" executed="True" result="Success" success="True" time="0.009" asserts="0">
                <results>
                  <test-case name="DocoptNet.Tests.OptionParseTests.Leading_spaces" executed="True" result="Success" success="True" time="0.000" asserts="1" />
                  <test-case name="DocoptNet.Tests.OptionParseTests.Short_and_long" executed="True" result="Success" success="True" time="0.001" asserts="4" />
                  <test-case name="DocoptNet.Tests.OptionParseTests.With_args" executed="True" result="Success" success="True" time="0.001" asserts="5" />
                  <test-case name="DocoptNet.Tests.OptionParseTests.With_args_and_defaults" executed="True" result="Success" success="True" time="0.002" asserts="3" />
                  <test-case name="DocoptNet.Tests.OptionParseTests.With_defaults" executed="True" result="Success" success="True" time="0.001" asserts="2" />
                  <test-case name="DocoptNet.Tests.OptionParseTests.With_description" executed="True" result="Success" success="True" time="0.001" asserts="3" />
                </results>
              </test-suite>
              <test-suite type="TestFixture" name="OptionsFirstTests" executed="True" result="Success" success="True" time="0.006" asserts="0">
                <results>
                  <test-case name="DocoptNet.Tests.OptionsFirstTests.Check_options_first" executed="True" result="Success" success="True" time="0.002" asserts="1" />
                  <test-case name="DocoptNet.Tests.OptionsFirstTests.Match_args_first" executed="True" result="Success" success="True" time="0.002" asserts="1" />
                  <test-case name="DocoptNet.Tests.OptionsFirstTests.Match_opt_first" executed="True" result="Success" success="True" time="0.001" asserts="1" />
                </results>
              </test-suite>
              <test-suite type="TestFixture" name="ParseArgvTests" executed="True" result="Success" success="True" time="0.012" asserts="0">
                <results>
                  <test-case name="DocoptNet.Tests.ParseArgvTests.Test_parse_argv_empty" executed="True" result="Success" success="True" time="0.002" asserts="1" />
                  <test-case name="DocoptNet.Tests.ParseArgvTests.Test_parse_argv_one_opt" executed="True" result="Success" success="True" time="0.001" asserts="1" />
                  <test-case name="DocoptNet.Tests.ParseArgvTests.Test_parse_argv_opt_with_arg" executed="True" result="Success" success="True" time="0.001" asserts="1" />
                  <test-case name="DocoptNet.Tests.ParseArgvTests.Test_parse_argv_short_and_long" executed="True" result="Success" success="True" time="0.001" asserts="1" />
                  <test-case name="DocoptNet.Tests.ParseArgvTests.Test_parse_argv_two_args" executed="True" result="Success" success="True" time="0.001" asserts="1" />
                  <test-case name="DocoptNet.Tests.ParseArgvTests.Test_parse_argv_with_arg" executed="True" result="Success" success="True" time="0.001" asserts="1" />
                  <test-case name="DocoptNet.Tests.ParseArgvTests.Test_parse_argv_with_double_dash" executed="True" result="Success" success="True" time="0.001" asserts="1" />
                </results>
              </test-suite>
              <test-suite type="TestFixture" name="ParseDefaultsTests" executed="True" result="Success" success="True" time="0.002" asserts="0">
                <results>
                  <test-case name="DocoptNet.Tests.ParseDefaultsTests.Test_parse_defaults" executed="True" result="Success" success="True" time="0.001" asserts="1" />
                </results>
              </test-suite>
              <test-suite type="TestFixture" name="ParsePatternTests" executed="True" result="Success" success="True" time="0.020" asserts="0">
                <results>
                  <test-case name="DocoptNet.Tests.ParsePatternTests.Test_parse_pattern_arg_between_pointy_brackets" executed="True" result="Success" success="True" time="0.000" asserts="1" />
                  <test-case name="DocoptNet.Tests.ParsePatternTests.Test_parse_pattern_arg_upper_case" executed="True" result="Success" success="True" time="0.000" asserts="1" />
                  <test-case name="DocoptNet.Tests.ParsePatternTests.Test_parse_pattern_command" executed="True" result="Success" success="True" time="0.001" asserts="1" />
                  <test-case name="DocoptNet.Tests.ParsePatternTests.Test_parse_pattern_either_options" executed="True" result="Success" success="True" time="0.001" asserts="1" />
                  <test-case name="DocoptNet.Tests.ParsePatternTests.Test_parse_pattern_either_options_and_optional_arg_opt" executed="True" result="Success" success="True" time="0.001" asserts="1" />
                  <test-case name="DocoptNet.Tests.ParsePatternTests.Test_parse_pattern_mix_of_either" executed="True" result="Success" success="True" time="0.001" asserts="1" />
                  <test-case name="DocoptNet.Tests.ParsePatternTests.Test_parse_pattern_one_optional_option" executed="True" result="Success" success="True" time="0.001" asserts="1" />
                  <test-case name="DocoptNet.Tests.ParsePatternTests.Test_parse_pattern_option_with_optional_arg" executed="True" result="Success" success="True" time="0.001" asserts="1" />
                  <test-case name="DocoptNet.Tests.ParsePatternTests.Test_parse_pattern_optional_and_oneormore_arg" executed="True" result="Success" success="True" time="0.001" asserts="1" />
                  <test-case name="DocoptNet.Tests.ParsePatternTests.Test_parse_pattern_optional_oneormore_arg" executed="True" result="Success" success="True" time="0.001" asserts="1" />
                  <test-case name="DocoptNet.Tests.ParsePatternTests.Test_parse_pattern_options_shortcut" executed="True" result="Success" success="True" time="0.000" asserts="1" />
                  <test-case name="DocoptNet.Tests.ParsePatternTests.Test_parse_pattern_options_shortcut_with_arg" executed="True" result="Success" success="True" time="0.001" asserts="1" />
                  <test-case name="DocoptNet.Tests.ParsePatternTests.Test_parse_pattern_options_shortcut_with_long" executed="True" result="Success" success="True" time="0.001" asserts="1" />
                </results>
              </test-suite>
              <test-suite type="TestFixture" name="PatterEitherTests" executed="True" result="Success" success="True" time="0.010" asserts="0">
                <results>
                  <test-case name="DocoptNet.Tests.PatterEitherTests.Should_distribute_opt" executed="True" result="Success" success="True" time="0.002" asserts="1" />
                  <test-case name="DocoptNet.Tests.PatterEitherTests.Should_distribute_optional" executed="True" result="Success" success="True" time="0.001" asserts="1" />
                  <test-case name="DocoptNet.Tests.PatterEitherTests.Should_split_either" executed="True" result="Success" success="True" time="0.001" asserts="1" />
                  <test-case name="DocoptNet.Tests.PatterEitherTests.Should_transform_arg" executed="True" result="Success" success="True" time="0.000" asserts="1" />
                  <test-case name="DocoptNet.Tests.PatterEitherTests.Should_transform_oneormore_args" executed="True" result="Success" success="True" time="0.001" asserts="1" />
                  <test-case name="DocoptNet.Tests.PatterEitherTests.Should_transform_option" executed="True" result="Success" success="True" time="0.001" asserts="1" />
                </results>
              </test-suite>
              <test-suite type="TestFixture" name="PatternFixIdentitiesTests" executed="True" result="Success" success="True" time="0.012" asserts="0">
                <results>
                  <test-case name="DocoptNet.Tests.PatternFixIdentitiesTests.Should_fix_all_args" executed="True" result="Success" success="True" time="0.008" asserts="3" />
                  <test-case name="DocoptNet.Tests.PatternFixIdentitiesTests.Should_fix_some_args" executed="True" result="Success" success="True" time="0.002" asserts="3" />
                </results>
              </test-suite>
              <test-suite type="TestFixture" name="PatternFixRepeatingArgumentsTests" executed="True" result="Success" success="True" time="0.005" asserts="0">
                <results>
                  <test-case name="DocoptNet.Tests.PatternFixRepeatingArgumentsTests.Should_fix_arg" executed="True" result="Success" success="True" time="0.001" asserts="1" />
                  <test-case name="DocoptNet.Tests.PatternFixRepeatingArgumentsTests.Should_fix_either_args" executed="True" result="Success" success="True" time="0.001" asserts="1" />
                  <test-case name="DocoptNet.Tests.PatternFixRepeatingArgumentsTests.Should_fix_option" executed="True" result="Success" success="True" time="0.000" asserts="1" />
                  <test-case name="DocoptNet.Tests.PatternFixRepeatingArgumentsTests.Should_fix_required_args" executed="True" result="Success" success="True" time="0.001" asserts="1" />
                </results>
              </test-suite>
              <test-suite type="TestFixture" name="PatternFlatTests" executed="True" result="Success" success="True" time="0.003" asserts="0">
                <results>
                  <test-case name="DocoptNet.Tests.PatternFlatTests.Should_flatten_all_types" executed="True" result="Success" success="True" time="0.000" asserts="1" />
                  <test-case name="DocoptNet.Tests.PatternFlatTests.Should_flatten_specific_type" executed="True" result="Success" success="True" time="0.001" asserts="1" />
                </results>
              </test-suite>
              <test-suite type="TestFixture" name="RequiredMatchTests" executed="True" result="Success" success="True" time="0.007" asserts="0">
                <results>
                  <test-case name="DocoptNet.Tests.RequiredMatchTests.Should_match_option" executed="True" result="Success" success="True" time="0.001" asserts="1" />
                  <test-case name="DocoptNet.Tests.RequiredMatchTests.Should_not_match_2_required" executed="True" result="Success" success="True" time="0.000" asserts="1" />
                  <test-case name="DocoptNet.Tests.RequiredMatchTests.Should_not_match_empty" executed="True" result="Success" success="True" time="0.001" asserts="1" />
                  <test-case name="DocoptNet.Tests.RequiredMatchTests.Should_not_match_other_option" executed="True" result="Success" success="True" time="0.001" asserts="1" />
                </results>
              </test-suite>
              <test-suite type="TestFixture" name="ShortOptionsErrorHandlingTests" executed="True" result="Success" success="True" time="0.005" asserts="0">
                <results>
                  <test-case name="DocoptNet.Tests.ShortOptionsErrorHandlingTests.Duplicate" executed="True" result="Success" success="True" time="0.001" asserts="1" />
                  <test-case name="DocoptNet.Tests.ShortOptionsErrorHandlingTests.Non_existent" executed="True" result="Success" success="True" time="0.000" asserts="1" />
                  <test-case name="DocoptNet.Tests.ShortOptionsErrorHandlingTests.Wrong_missing_arg" executed="True" result="Success" success="True" time="0.001" asserts="1" />
                  <test-case name="DocoptNet.Tests.ShortOptionsErrorHandlingTests.Wrong_opt_with_arg_spec" executed="True" result="Success" success="True" time="0.001" asserts="1" />
                </results>
              </test-suite>
              <test-suite type="TestFixture" name="StringPartitionTests" executed="True" result="Success" success="True" time="0.003" asserts="0">
                <results>
                  <test-case name="DocoptNet.Tests.StringPartitionTests.Should_partition_string" executed="True" result="Success" success="True" time="0.001" asserts="3" />
                  <test-case name="DocoptNet.Tests.StringPartitionTests.Should_partition_string_no_sep_match" executed="True" result="Success" success="True" time="0.001" asserts="3" />
                </results>
              </test-suite>
              <test-suite type="TestFixture" name="SyntaxTests" executed="True" result="Success" success="True" time="0.011" asserts="0">
                <results>
                  <test-case name="DocoptNet.Tests.SyntaxTests.Detect_double_dash" executed="True" result="Success" success="True" time="0.001" asserts="1" />
                  <test-case name="DocoptNet.Tests.SyntaxTests.Double_dash_not_allowed" executed="True" result="Success" success="True" time="0.000" asserts="1" />
                  <test-case name="DocoptNet.Tests.SyntaxTests.Duplicate_usage" executed="True" result="Success" success="True" time="0.001" asserts="1" />
                  <test-case name="DocoptNet.Tests.SyntaxTests.Missing_closing_square_bracket" executed="True" result="Success" success="True" time="0.001" asserts="1" />
                  <test-case name="DocoptNet.Tests.SyntaxTests.Missing_opening_paren" executed="True" result="Success" success="True" time="0.000" asserts="1" />
                  <test-case name="DocoptNet.Tests.SyntaxTests.No_double_dash" executed="True" result="Success" success="True" time="0.001" asserts="1" />
                  <test-case name="DocoptNet.Tests.SyntaxTests.No_usage" executed="True" result="Success" success="True" time="0.000" asserts="1" />
                  <test-case name="DocoptNet.Tests.SyntaxTests.Test_issue_71_double_dash_is_not_a_valid_option_argument" executed="True" result="Success" success="True" time="0.001" asserts="1" />
                </results>
              </test-suite>
              <test-suite type="TestFixture" name="UsageTests" executed="True" result="Success" success="True" time="0.005" asserts="0">
                <results>
                  <test-case name="DocoptNet.Tests.UsageTests.Should_parse_usage_section_correctly" executed="True" result="Success" success="True" time="0.001" asserts="4" />
                  <test-case name="DocoptNet.Tests.UsageTests.Test_formal_usage" executed="True" result="Success" success="True" time="0.002" asserts="2" />
                </results>
              </test-suite>
            </results>
          </test-suite>
        </results>
      </test-suite>
    </results>
  </test-suite>
</test-results>